temple1/build/intermediates/manifest_merge_blame_file/debug/manifest-merger-blame-debug-report.txt
1<?xml version="1.0" encoding="utf-8"?>
2<manifest xmlns:android="http://schemas.android.com/apk/res/android"
3    package="com.dds.temple" >
4
5    <uses-sdk android:minSdkVersion="21" />
5-->src\main\AndroidManifest.xml
6
7    <uses-permission android:name="android.permission.CAMERA" />
7-->src\main\AndroidManifest.xml:4:5-65
7-->src\main\AndroidManifest.xml:4:22-62
8    <uses-permission android:name="android.permission.RECORD_AUDIO" />
8-->src\main\AndroidManifest.xml:5:5-71
8-->src\main\AndroidManifest.xml:5:22-68
9    <uses-permission android:name="android.permission.MODIFY_AUDIO_SETTINGS" />
9-->src\main\AndroidManifest.xml:6:5-80
9-->src\main\AndroidManifest.xml:6:22-77
10    <uses-permission android:name="android.permission.CHANGE_NETWORK_STATE" />
10-->src\main\AndroidManifest.xml:7:5-79
10-->src\main\AndroidManifest.xml:7:22-76
11    <uses-permission android:name="android.permission.ACCESS_NETWORK_STATE" />
11-->src\main\AndroidManifest.xml:8:5-79
11-->src\main\AndroidManifest.xml:8:22-76
12
13    <uses-feature android:name="android.hardware.camera2.full" />
13-->src\main\AndroidManifest.xml:10:5-66
13-->src\main\AndroidManifest.xml:10:19-63
14    <uses-feature android:name="android.hardware.camera" />
14-->src\main\AndroidManifest.xml:11:5-60
14-->src\main\AndroidManifest.xml:11:19-57
15    <uses-feature android:name="android.hardware.camera.autofocus" />
15-->src\main\AndroidManifest.xml:12:5-70
15-->src\main\AndroidManifest.xml:12:19-67
16
17    <application>
17-->src\main\AndroidManifest.xml:14:5-26:19
18        <activity
18-->src\main\AndroidManifest.xml:16:9-20:52
19            android:name="com.dds.temple1.ConnectActivity"
19-->src\main\AndroidManifest.xml:17:13-59
20            android:exported="false"
20-->src\main\AndroidManifest.xml:18:13-37
21            android:label="local network"
21-->src\main\AndroidManifest.xml:19:13-42
22            android:screenOrientation="portrait" />
22-->src\main\AndroidManifest.xml:20:13-49
23        <activity
23-->src\main\AndroidManifest.xml:21:9-25:52
24            android:name="com.dds.temple1.Temple1Activity"
24-->src\main\AndroidManifest.xml:22:13-59
25            android:exported="false"
25-->src\main\AndroidManifest.xml:23:13-37
26            android:label="ConnectActivity"
26-->src\main\AndroidManifest.xml:24:13-44
27            android:screenOrientation="portrait" />
27-->src\main\AndroidManifest.xml:25:13-49
28    </application>
29
30</manifest>